<?xml version="1.0" encoding="UTF-8"?>
<testsuite xmlns:xsi="http://www.w3.org/2001/XMLSchema-instance" xsi:noNamespaceSchemaLocation="https://maven.apache.org/surefire/maven-surefire-plugin/xsd/surefire-test-report-3.0.xsd" version="3.0" name="com.example.bankcards.controller.CardControllerTest" time="2.858" tests="3" errors="0" skipped="0" failures="0">
  <properties>
[...]
</properties>
  <testcase name="transfer_AmountNull_ReturnsBadRequest" classname="com.example.bankcards.controller.CardControllerTest" time="0.408">
    <system-out><![CDATA[2026-03-17T10:31:02.030+03:00  INFO 1460 --- [           main] t.c.s.AnnotationConfigContextLoaderUtils : Could not detect default configuration classes for test class [com.example.bankcards.controller.CardControllerTest]: CardControllerTest does not declare any static, non-private, non-final, nested classes annotated with @Configuration.
2026-03-17T10:31:02.090+03:00  INFO 1460 --- [           main] .b.t.c.SpringBootTestContextBootstrapper : Found @SpringBootConfiguration com.example.bankcards.BankcardsApplication for test class com.example.bankcards.controller.CardControllerTest
  .   ____          _            __ _ _
 /\\ / ___'_ __ _ _(_)_ __  __ _ \ \ \ \
( ( )\___ | '_ | '_| | '_ \/ _` | \ \ \ \
 \\/  ___)| |_)| | | | | || (_| |  ) ) ) )
  '  |____| .__|_| |_|_| |_\__, | / / / /
 =========|_|==============|___/=/_/_/_/

 :: Spring Boot ::                (v3.3.0)

2026-03-17T10:31:02.355+03:00  INFO 1460 --- [           main] c.e.b.controller.CardControllerTest      : Starting CardControllerTest using Java 17.0.18 with PID 1460 (started by user in E:\TESTS\bank_rest)
2026-03-17T10:31:02.355+03:00 DEBUG 1460 --- [           main] c.e.b.controller.CardControllerTest      : Running with Spring Boot v3.3.0, Spring v6.1.8
2026-03-17T10:31:02.355+03:00  INFO 1460 --- [           main] c.e.b.controller.CardControllerTest      : No active profile set, falling back to 1 default profile: "default"
2026-03-17T10:31:03.109+03:00  INFO 1460 --- [           main] r$InitializeUserDetailsManagerConfigurer : Global AuthenticationManager configured with UserDetailsService bean with name com.example.bankcards.security.CustomUserDetailsService#0
2026-03-17T10:31:04.069+03:00  INFO 1460 --- [           main] o.s.s.web.DefaultSecurityFilterChain     : Will secure any request with [org.springframework.security.web.session.DisableEncodeUrlFilter@7d1cfe97, org.springframework.security.web.context.request.async.WebAsyncManagerIntegrationFilter@66b62332, org.springframework.security.web.context.SecurityContextHolderFilter@eea0b48, org.springframework.security.web.header.HeaderWriterFilter@4a9f0360, org.springframework.security.web.authentication.logout.LogoutFilter@49ea4b65, com.example.bankcards.security.JwtFilter@7a22302c, org.springframework.security.web.savedrequest.RequestCacheAwareFilter@5feb8e9a, org.springframework.security.web.servletapi.SecurityContextHolderAwareRequestFilter@6d5d1204, org.springframework.security.web.authentication.AnonymousAuthenticationFilter@1822a61b, org.springframework.security.web.session.SessionManagementFilter@6f12b637, org.springframework.security.web.access.ExceptionTranslationFilter@65b69ccb, org.springframework.security.web.access.intercept.AuthorizationFilter@4f3e65f4]
2026-03-17T10:31:04.213+03:00 DEBUG 1460 --- [           main] c.example.bankcards.security.JwtFilter   : Filter 'jwtFilter' configured for use
2026-03-17T10:31:04.213+03:00  INFO 1460 --- [           main] o.s.b.t.m.w.SpringBootMockServletContext : Initializing Spring TestDispatcherServlet ''
2026-03-17T10:31:04.213+03:00  INFO 1460 --- [           main] o.s.t.web.servlet.TestDispatcherServlet  : Initializing Servlet ''
2026-03-17T10:31:04.213+03:00  INFO 1460 --- [           main] o.s.t.web.servlet.TestDispatcherServlet  : Completed initialization in 0 ms
2026-03-17T10:31:04.229+03:00  INFO 1460 --- [           main] c.e.b.controller.CardControllerTest      : Started CardControllerTest in 2.125 seconds (process running for 23.443)
2026-03-17T10:31:04.293+03:00 DEBUG 1460 --- [           main] o.s.security.web.FilterChainProxy        : Securing POST /api/cards/transfers
2026-03-17T10:31:04.301+03:00 DEBUG 1460 --- [           main] o.s.security.web.FilterChainProxy        : Secured POST /api/cards/transfers
]]></system-out>
  </testcase>
  <testcase name="getMyCards_ValidUser_ReturnsCardList" classname="com.example.bankcards.controller.CardControllerTest" time="0.109">
    <system-out><![CDATA[2026-03-17T10:31:04.677+03:00 DEBUG 1460 --- [           main] o.s.security.web.FilterChainProxy        : Securing GET /api/cards
2026-03-17T10:31:04.677+03:00 DEBUG 1460 --- [           main] o.s.security.web.FilterChainProxy        : Secured GET /api/cards
2026-03-17T10:31:04.708+03:00  WARN 1460 --- [           main] PageModule$PlainPageSerializationWarning : Serializing PageImpl instances as-is is not supported, meaning that there is no guarantee about the stability of the resulting JSON structure!
	For a stable JSON structure, please use Spring Data's PagedModel (globally via @EnableSpringDataWebSupport(pageSerializationMode = VIA_DTO))
	or Spring HATEOAS and Spring Data's PagedResourcesAssembler as documented in https://docs.spring.io/spring-data/commons/reference/repositories/core-extensions.html#core.web.pageables.

]]></system-out>
  </testcase>
  <testcase name="transfer_ValidRequest_TransfersSuccessfully" classname="com.example.bankcards.controller.CardControllerTest" time="0.082">
    <system-out><![CDATA[2026-03-17T10:31:04.832+03:00 DEBUG 1460 --- [           main] o.s.security.web.FilterChainProxy        : Securing POST /api/cards/transfers
2026-03-17T10:31:04.832+03:00 DEBUG 1460 --- [           main] o.s.security.web.FilterChainProxy        : Secured POST /api/cards/transfers
]]></system-out>
  </testcase>
</testsuite>